[2023-10-27 20:38:50] [ WARN ] [BD:30] Error de Sintaxis en sentencia SQL "[*])"
Syntax error in SQL statement "[*])"; SQL statement:
) [42000-214]
[2023-10-27 20:38:50] [ INFO ] [PacienteDAOH2:15] iniciando las operaciones de : 
[2023-10-27 20:41:11] [ WARN ] [BD:31] Error de Sintaxis en sentencia SQL "INSERT INTO DOMICILIOS(CALLE, NUMERO, LOCALIDAD, PROVINCIA) VALUES('Siempre viva','742','Sprinfield','Usa'),('Av.Colon','1600','Cordoba','Cordoba'),('Av. 9 de Julio','1200','Caba','Bs As')[*]);"
Syntax error in SQL statement "INSERT INTO DOMICILIOS(CALLE, NUMERO, LOCALIDAD, PROVINCIA) VALUES('Siempre viva','742','Sprinfield','Usa'),('Av.Colon','1600','Cordoba','Cordoba'),('Av. 9 de Julio','1200','Caba','Bs As')[*]);"; SQL statement:
INSERT INTO DOMICILIOS(CALLE, NUMERO, LOCALIDAD, PROVINCIA) VALUES('Siempre viva','742','Sprinfield','Usa'),('Av.Colon','1600','Cordoba','Cordoba'),('Av. 9 de Julio','1200','Caba','Bs As')); [42000-214]
[2023-10-27 20:41:11] [ INFO ] [PacienteDAOH2:15] iniciando las operaciones de : 
[2023-10-27 20:42:18] [ INFO ] [BD:28] datos cargados con exito
[2023-10-27 20:42:18] [ INFO ] [PacienteDAOH2:15] iniciando las operaciones de : 
[2023-10-27 20:43:39] [ INFO ] [BD:28] datos cargados con exito
[2023-10-27 20:43:39] [ INFO ] [PacienteDAOH2:15] guardando paciente
[2023-10-27 20:43:39] [ INFO ] [PacienteDAOH2:32]  paciente guardado
[2023-10-27 21:05:34] [ INFO ] [BD:28] datos cargados con exito
[2023-10-27 21:05:34] [ INFO ] [PacienteDAOH2:15] guardando paciente
[2023-10-27 21:05:34] [ INFO ] [PacienteDAOH2:32]  paciente guardado
[2023-10-27 21:33:10] [ WARN ] [BD:38] Error de Sintaxis en sentencia SQL "CREATE TABLE ODONTOLOGOS (ID INT AUTO_INCREMENT PRIMARY KEY,NUMERO_MATRICULA INT NOT NULL ,NOMBRE VARCHAR(30) NOT NULL, APELLIDO VARCHAR(20) NOT NULL,[*])"; se esperaba "identifier"
Syntax error in SQL statement "CREATE TABLE ODONTOLOGOS (ID INT AUTO_INCREMENT PRIMARY KEY,NUMERO_MATRICULA INT NOT NULL ,NOMBRE VARCHAR(30) NOT NULL, APELLIDO VARCHAR(20) NOT NULL,[*])"; expected "identifier"; SQL statement:
CREATE TABLE ODONTOLOGOS (ID INT AUTO_INCREMENT PRIMARY KEY,NUMERO_MATRICULA INT NOT NULL ,NOMBRE VARCHAR(30) NOT NULL, APELLIDO VARCHAR(20) NOT NULL,) [42001-224]
[2023-10-27 21:33:10] [ INFO ] [PacienteDAOH2:15] guardando paciente
[2023-10-27 21:33:10] [ INFO ] [PacienteDAOH2:32]  paciente guardado
[2023-10-27 21:33:15] [ WARN ] [BD:38] Error de Sintaxis en sentencia SQL "CREATE TABLE ODONTOLOGOS (ID INT AUTO_INCREMENT PRIMARY KEY,NUMERO_MATRICULA INT NOT NULL ,NOMBRE VARCHAR(30) NOT NULL, APELLIDO VARCHAR(20) NOT NULL,[*])"; se esperaba "identifier"
Syntax error in SQL statement "CREATE TABLE ODONTOLOGOS (ID INT AUTO_INCREMENT PRIMARY KEY,NUMERO_MATRICULA INT NOT NULL ,NOMBRE VARCHAR(30) NOT NULL, APELLIDO VARCHAR(20) NOT NULL,[*])"; expected "identifier"; SQL statement:
CREATE TABLE ODONTOLOGOS (ID INT AUTO_INCREMENT PRIMARY KEY,NUMERO_MATRICULA INT NOT NULL ,NOMBRE VARCHAR(30) NOT NULL, APELLIDO VARCHAR(20) NOT NULL,) [42001-224]
[2023-10-27 21:33:15] [ ERROR] [DomicilioDAOH2:33] Tabla "ODONTOLOGOS" no encontrada
Table "ODONTOLOGOS" not found; SQL statement:
INSERT INTO ODONTOLOGOS (NUMERO_MATRICULA, NOMBRE, APELLIDO) VALUES (?,?,?) [42102-224]
[2023-10-27 21:33:15] [ ERROR] [DomicilioDAOH2:73] Tabla "ODONTOLOGOS" no encontrada
Table "ODONTOLOGOS" not found; SQL statement:
SELECT * FROM ODONTOLOGOS [42102-224]
[2023-10-27 21:34:41] [ WARN ] [BD:38] Error de Sintaxis en sentencia SQL "CREATE TABLE ODONTOLOGOS (ID INT AUTO_INCREMENT PRIMARY KEY,NUMERO_MATRICULA INT NOT NULL ,NOMBRE VARCHAR(30) NOT NULL, APELLIDO VARCHAR(20) NOT NULL,[*])"; se esperaba "identifier"
Syntax error in SQL statement "CREATE TABLE ODONTOLOGOS (ID INT AUTO_INCREMENT PRIMARY KEY,NUMERO_MATRICULA INT NOT NULL ,NOMBRE VARCHAR(30) NOT NULL, APELLIDO VARCHAR(20) NOT NULL,[*])"; expected "identifier"; SQL statement:
CREATE TABLE ODONTOLOGOS (ID INT AUTO_INCREMENT PRIMARY KEY,NUMERO_MATRICULA INT NOT NULL ,NOMBRE VARCHAR(30) NOT NULL, APELLIDO VARCHAR(20) NOT NULL,) [42001-224]
[2023-10-27 21:34:41] [ ERROR] [DomicilioDAOH2:33] Tabla "ODONTOLOGOS" no encontrada
Table "ODONTOLOGOS" not found; SQL statement:
INSERT INTO ODONTOLOGOS (NUMERO_MATRICULA, NOMBRE, APELLIDO) VALUES (?,?,?) [42102-224]
[2023-10-27 21:36:01] [ WARN ] [BD:39] Error de Sintaxis en sentencia SQL "CREATE TABLE ODONTOLOGOS (ID INT AUTO_INCREMENT PRIMARY KEY,NUMERO_MATRICULA INT NOT NULL ,NOMBRE VARCHAR(30) NOT NULL, APELLIDO VARCHAR(20) NOT NULL,[*])"; se esperaba "identifier"
Syntax error in SQL statement "CREATE TABLE ODONTOLOGOS (ID INT AUTO_INCREMENT PRIMARY KEY,NUMERO_MATRICULA INT NOT NULL ,NOMBRE VARCHAR(30) NOT NULL, APELLIDO VARCHAR(20) NOT NULL,[*])"; expected "identifier"; SQL statement:
CREATE TABLE ODONTOLOGOS (ID INT AUTO_INCREMENT PRIMARY KEY,NUMERO_MATRICULA INT NOT NULL ,NOMBRE VARCHAR(30) NOT NULL, APELLIDO VARCHAR(20) NOT NULL,) [42001-224]
[2023-10-27 21:36:01] [ ERROR] [DomicilioDAOH2:33] Tabla "ODONTOLOGOS" no encontrada
Table "ODONTOLOGOS" not found; SQL statement:
INSERT INTO ODONTOLOGOS (NUMERO_MATRICULA, NOMBRE, APELLIDO) VALUES (?,?,?) [42102-224]
[2023-10-27 21:43:43] [ WARN ] [BDodontologs:28] Error de Sintaxis en sentencia SQL "CREATE TABLE ODONTOLOGOS (ID INT AUTO_INCREMENT PRIMARY KEY, NUMERO_MATRICULA INT NOT NULL ,NOMBRE VARCHAR(30) NOT NULL, APELLIDO VARCHAR(20) NOT NULL,[*])"; se esperaba "identifier"
Syntax error in SQL statement "CREATE TABLE ODONTOLOGOS (ID INT AUTO_INCREMENT PRIMARY KEY, NUMERO_MATRICULA INT NOT NULL ,NOMBRE VARCHAR(30) NOT NULL, APELLIDO VARCHAR(20) NOT NULL,[*])"; expected "identifier"; SQL statement:
CREATE TABLE ODONTOLOGOS (ID INT AUTO_INCREMENT PRIMARY KEY, NUMERO_MATRICULA INT NOT NULL ,NOMBRE VARCHAR(30) NOT NULL, APELLIDO VARCHAR(20) NOT NULL,) [42001-224]
[2023-10-27 21:43:43] [ ERROR] [DomicilioDAOH2:33] Tabla "ODONTOLOGOS" no encontrada
Table "ODONTOLOGOS" not found; SQL statement:
INSERT INTO ODONTOLOGOS (NUMERO_MATRICULA, NOMBRE, APELLIDO) VALUES (?,?,?) [42102-224]
[2023-10-27 21:46:47] [ INFO ] [BDodontologs:25] datos cargados con exito
[2023-10-27 21:46:47] [ INFO ] [DomicilioDAOH2:31] Odontologo guardado con exito
[2023-10-27 21:48:35] [ INFO ] [BD:36] datos cargados con exito
[2023-10-27 21:48:35] [ INFO ] [DomicilioDAOH2:31] Odontologo guardado con exito
[2023-10-27 21:48:44] [ INFO ] [BD:36] datos cargados con exito
[2023-10-27 21:48:44] [ INFO ] [DomicilioDAOH2:31] Odontologo guardado con exito
[2023-10-27 21:59:57] [ INFO ] [BD:36] datos cargados con exito
[2023-10-27 22:02:22] [ INFO ] [BD:36] datos cargados con exito
[2023-10-27 22:02:22] [ INFO ] [OdontologoDAOHash:17] Guardando en HashMap
[2023-10-27 22:02:22] [ INFO ] [OdontologoDAOHash:39] Buscando en HashMap
[2023-10-27 22:03:33] [ INFO ] [BD:36] datos cargados con exito
[2023-10-27 22:03:33] [ INFO ] [DomicilioDAOH2:31] Odontologo guardado con exito
[2023-10-27 22:03:34] [ INFO ] [DomicilioDAOH2:68] Buscando Odontologos
[2023-10-27 22:03:40] [ INFO ] [BD:36] datos cargados con exito
[2023-10-27 22:03:41] [ INFO ] [OdontologoDAOHash:17] Guardando en HashMap
[2023-10-27 22:03:41] [ INFO ] [OdontologoDAOHash:39] Buscando en HashMap
[2023-10-27 22:05:28] [ INFO ] [BD:36] datos cargados con exito
[2023-10-27 22:05:28] [ INFO ] [OdontologoDAOHash:17] Guardando en HashMap
[2023-10-27 22:05:28] [ INFO ] [OdontologoDAOHash:39] Buscando en HashMap
[2023-10-27 22:06:06] [ INFO ] [BD:36] datos cargados con exito
[2023-10-27 22:06:06] [ INFO ] [OdontologoDAOHash:17] Guardando en HashMap
[2023-10-27 22:06:06] [ INFO ] [OdontologoDAOHash:17] Guardando en HashMap
[2023-10-27 22:06:06] [ INFO ] [OdontologoDAOHash:39] Buscando en HashMap
[2023-10-27 22:06:39] [ INFO ] [BD:36] datos cargados con exito
[2023-10-27 22:06:40] [ INFO ] [OdontologoDAOHash:17] Guardando en HashMap
[2023-10-27 22:06:40] [ INFO ] [OdontologoDAOHash:17] Guardando en HashMap
[2023-10-27 22:06:40] [ INFO ] [OdontologoDAOHash:39] Buscando en HashMap
[2023-10-27 22:11:29] [ INFO ] [BD:36] datos cargados con exito
[2023-10-27 22:11:29] [ INFO ] [OdontologoDAOHash:16] Guardando en HashMap
[2023-10-27 22:11:29] [ INFO ] [OdontologoDAOHash:16] Guardando en HashMap
[2023-10-27 22:11:29] [ INFO ] [OdontologoDAOHash:38] Buscando en <link>HashMap</link>
[2023-10-27 22:14:14] [ INFO ] [BD:36] datos cargados con exito
[2023-10-27 22:14:14] [ INFO ] [OdontologoDAOHash:16] Guardando en HashMap
[2023-10-27 22:14:14] [ INFO ] [OdontologoDAOHash:16] Guardando en HashMap
[2023-10-27 22:14:14] [ INFO ] [OdontologoDAOHash:38] Buscando en HashMap
[2023-10-27 22:15:36] [ INFO ] [BD:36] datos cargados con exito
[2023-10-27 22:15:37] [ INFO ] [OdontologoDAOHash:17] Guardando en HashMap
[2023-10-27 22:15:37] [ INFO ] [OdontologoDAOHash:17] Guardando en HashMap
[2023-10-27 22:15:37] [ INFO ] [OdontologoDAOHash:40] Buscando en HashMap
[2023-10-27 22:16:01] [ INFO ] [BD:36] datos cargados con exito
[2023-10-27 22:16:01] [ INFO ] [OdontologoDAOHash:17] Guardando en HashMap
[2023-10-27 22:16:01] [ INFO ] [OdontologoDAOHash:17] Guardando en HashMap
[2023-10-27 22:16:01] [ INFO ] [OdontologoDAOHash:41] Buscando en HashMap
[2023-10-27 22:16:22] [ INFO ] [BD:36] datos cargados con exito
[2023-10-27 22:16:23] [ INFO ] [OdontologoDAOHash:17] Guardando en HashMap
[2023-10-27 22:16:23] [ INFO ] [OdontologoDAOHash:17] Guardando en HashMap
[2023-10-27 22:16:23] [ INFO ] [OdontologoDAOHash:40] Buscando en HashMap
[2023-10-27 22:17:37] [ INFO ] [BD:36] datos cargados con exito
[2023-10-27 22:17:37] [ INFO ] [OdontologoDAOHash:16] Guardando en HashMap
[2023-10-27 22:17:37] [ INFO ] [OdontologoDAOHash:16] Guardando en HashMap
[2023-10-27 22:17:37] [ INFO ] [OdontologoDAOHash:40] Buscando en HashMap
[2023-10-27 22:17:54] [ INFO ] [BD:36] datos cargados con exito
[2023-10-27 22:17:55] [ INFO ] [OdontologoDAOHash:16] Guardando en HashMap
[2023-10-27 22:17:55] [ INFO ] [OdontologoDAOHash:16] Guardando en HashMap
[2023-10-27 22:17:55] [ INFO ] [OdontologoDAOHash:40] Buscando en HashMap
[2023-10-27 22:17:58] [ INFO ] [BD:36] datos cargados con exito
[2023-10-27 22:17:59] [ INFO ] [DomicilioDAOH2:31] Odontologo guardado con exito
[2023-10-27 22:17:59] [ INFO ] [DomicilioDAOH2:68] Buscando Odontologos
[2023-10-27 22:19:24] [ INFO ] [BD:36] datos cargados con exito
[2023-10-27 22:19:24] [ INFO ] [DomicilioDAOH2:31] Odontologo guardado con exito
[2023-10-27 22:19:24] [ INFO ] [DomicilioDAOH2:68] Buscando Odontologos
[2023-10-27 22:19:33] [ INFO ] [BD:36] datos cargados con exito
[2023-10-27 22:19:33] [ INFO ] [DomicilioDAOH2:31] Odontologo guardado con exito
[2023-10-27 22:19:34] [ INFO ] [DomicilioDAOH2:68] Buscando Odontologos
[2023-10-27 22:19:34] [ INFO ] [BD:36] datos cargados con exito
[2023-10-27 22:19:34] [ INFO ] [OdontologoDAOHash:16] Guardando en HashMap
[2023-10-27 22:19:34] [ INFO ] [OdontologoDAOHash:16] Guardando en HashMap
[2023-10-27 22:19:34] [ INFO ] [OdontologoDAOHash:40] Buscando en HashMap
[2023-10-27 22:19:41] [ INFO ] [BD:36] datos cargados con exito
[2023-10-27 22:19:41] [ INFO ] [DomicilioDAOH2:31] Odontologo guardado con exito
[2023-10-27 22:19:42] [ INFO ] [DomicilioDAOH2:68] Buscando Odontologos
[2023-10-27 22:19:42] [ INFO ] [BD:36] datos cargados con exito
[2023-10-27 22:19:42] [ INFO ] [OdontologoDAOHash:16] Guardando en HashMap
[2023-10-27 22:19:42] [ INFO ] [OdontologoDAOHash:16] Guardando en HashMap
[2023-10-27 22:19:42] [ INFO ] [OdontologoDAOHash:40] Buscando en HashMap
[2023-10-27 22:20:40] [ INFO ] [BD:36] datos cargados con exito
[2023-10-27 22:20:40] [ INFO ] [DomicilioDAOH2:31] Odontologo guardado con exito
[2023-10-27 22:20:41] [ INFO ] [DomicilioDAOH2:68] Buscando Odontologos
[2023-10-27 22:20:41] [ INFO ] [BD:36] datos cargados con exito
[2023-10-27 22:20:41] [ INFO ] [OdontologoDAOHash:16] Guardando en HashMap
[2023-10-27 22:20:41] [ INFO ] [OdontologoDAOHash:16] Guardando en HashMap
[2023-10-27 22:20:41] [ INFO ] [OdontologoDAOHash:40] Buscando en HashMap
[2023-10-27 22:22:07] [ INFO ] [BD:36] datos cargados con exito
[2023-10-27 22:22:07] [ INFO ] [DomicilioDAOH2:31] Odontologo guardado con exito
[2023-10-27 22:22:07] [ INFO ] [DomicilioDAOH2:68] Buscando Odontologos
[2023-10-27 22:22:07] [ INFO ] [BD:36] datos cargados con exito
[2023-10-27 22:22:08] [ INFO ] [OdontologoDAOHash:16] Guardando en HashMap
[2023-10-27 22:22:08] [ INFO ] [OdontologoDAOHash:40] Buscando en HashMap
[2023-10-27 22:22:08] [ INFO ] [OdontologoDAOHash:16] Guardando en HashMap
[2023-10-27 22:23:07] [ INFO ] [BD:36] datos cargados con exito
[2023-10-27 22:23:07] [ INFO ] [DomicilioDAOH2:31] Odontologo guardado con exito
[2023-10-27 22:23:07] [ INFO ] [DomicilioDAOH2:68] Buscando Odontologos
[2023-10-27 22:23:07] [ INFO ] [BD:36] datos cargados con exito
[2023-10-27 22:23:07] [ INFO ] [OdontologoDAOHash:16] Guardando en HashMap
[2023-10-27 22:23:07] [ INFO ] [OdontologoDAOHash:40] Buscando en HashMap
[2023-10-27 22:23:07] [ INFO ] [OdontologoDAOHash:16] Guardando en HashMap
[2023-10-27 22:24:10] [ WARN ] [BD:39] La base de datos puede que ya esté siendo utilizada: "C:/Users/Facu/C21023ClinicaOdontologica.mv.db". Soluciones Posibles: cierre todas las otras conexiones; use el modo server
Database may be already in use: "C:/Users/Facu/C21023ClinicaOdontologica.mv.db". Possible solutions: close all other connection(s); use the server mode [90020-224]
[2023-10-27 22:24:51] [ INFO ] [BD:36] datos cargados con exito
[2023-10-27 22:24:51] [ INFO ] [PacienteDAOH2:15] guardando paciente
[2023-10-27 22:24:51] [ INFO ] [PacienteDAOH2:32]  paciente guardado
[2023-10-27 22:24:52] [ INFO ] [DomicilioDAOH2:31] Odontologo guardado con exito
[2023-10-27 22:24:52] [ INFO ] [DomicilioDAOH2:68] Buscando Odontologos
[2023-10-27 22:25:38] [ INFO ] [BD:36] datos cargados con exito
[2023-10-27 22:25:39] [ INFO ] [DomicilioDAOH2:31] Odontologo guardado con exito
[2023-10-27 22:25:39] [ INFO ] [DomicilioDAOH2:68] Buscando Odontologos
[2023-10-27 22:25:39] [ INFO ] [BD:36] datos cargados con exito
[2023-10-27 22:25:39] [ INFO ] [OdontologoDAOHash:16] Guardando en HashMap
[2023-10-27 22:25:39] [ INFO ] [OdontologoDAOHash:40] Buscando en HashMap
[2023-10-27 22:25:39] [ INFO ] [OdontologoDAOHash:16] Guardando en HashMap
[2023-10-27 22:28:14] [ INFO ] [BD:36] datos cargados con exito
[2023-10-27 22:28:14] [ INFO ] [DomicilioDAOH2:31] Odontologo guardado con exito
[2023-10-27 22:28:14] [ INFO ] [DomicilioDAOH2:68] Buscando Odontologos
[2023-10-27 22:28:14] [ INFO ] [BD:36] datos cargados con exito
[2023-10-27 22:28:15] [ INFO ] [OdontologoDAOHash:16] Guardando en HashMap
[2023-10-27 22:28:15] [ INFO ] [OdontologoDAOHash:40] Buscando en HashMap
[2023-10-27 22:28:15] [ INFO ] [OdontologoDAOHash:16] Guardando en HashMap
[2023-10-31 20:13:30] [ INFO ] [BD:36] datos cargados con exito
[2023-10-31 20:13:30] [ INFO ] [PacienteDAOH2:15] guardando paciente
[2023-10-31 20:13:30] [ INFO ] [PacienteDAOH2:32]  paciente guardado
[2023-10-31 20:13:48] [ INFO ] [BD:36] datos cargados con exito
[2023-10-31 20:13:49] [ INFO ] [DomicilioDAOH2:31] Odontologo guardado con exito
[2023-10-31 20:13:49] [ INFO ] [DomicilioDAOH2:68] Buscando Odontologos
[2023-10-31 20:13:49] [ INFO ] [BD:36] datos cargados con exito
[2023-10-31 20:13:49] [ INFO ] [OdontologoDAOHash:16] Guardando en HashMap
[2023-10-31 20:13:49] [ INFO ] [OdontologoDAOHash:40] Buscando en HashMap
[2023-10-31 20:13:49] [ INFO ] [OdontologoDAOHash:16] Guardando en HashMap
[2023-10-31 20:41:48] [ INFO ] [BD:36] datos cargados con exito
[2023-10-31 20:41:48] [ INFO ] [DomicilioDAOH2:31] Odontologo guardado con exito
[2023-10-31 20:41:48] [ INFO ] [DomicilioDAOH2:68] Buscando Odontologos
[2023-10-31 20:41:48] [ INFO ] [BD:36] datos cargados con exito
[2023-10-31 20:41:48] [ INFO ] [OdontologoDAOHash:16] Guardando en HashMap
[2023-10-31 20:41:48] [ INFO ] [OdontologoDAOHash:40] Buscando en HashMap
[2023-10-31 20:41:48] [ INFO ] [OdontologoDAOHash:16] Guardando en HashMap
