[2023-10-27 20:38:50] [ WARN ] [BD:30] Error de Sintaxis en sentencia SQL "[*])"
Syntax error in SQL statement "[*])"; SQL statement:
) [42000-214]
[2023-10-27 20:38:50] [ INFO ] [PacienteDAOH2:15] iniciando las operaciones de : 
[2023-10-27 20:41:11] [ WARN ] [BD:31] Error de Sintaxis en sentencia SQL "INSERT INTO DOMICILIOS(CALLE, NUMERO, LOCALIDAD, PROVINCIA) VALUES('Siempre viva','742','Sprinfield','Usa'),('Av.Colon','1600','Cordoba','Cordoba'),('Av. 9 de Julio','1200','Caba','Bs As')[*]);"
Syntax error in SQL statement "INSERT INTO DOMICILIOS(CALLE, NUMERO, LOCALIDAD, PROVINCIA) VALUES('Siempre viva','742','Sprinfield','Usa'),('Av.Colon','1600','Cordoba','Cordoba'),('Av. 9 de Julio','1200','Caba','Bs As')[*]);"; SQL statement:
INSERT INTO DOMICILIOS(CALLE, NUMERO, LOCALIDAD, PROVINCIA) VALUES('Siempre viva','742','Sprinfield','Usa'),('Av.Colon','1600','Cordoba','Cordoba'),('Av. 9 de Julio','1200','Caba','Bs As')); [42000-214]
[2023-10-27 20:41:11] [ INFO ] [PacienteDAOH2:15] iniciando las operaciones de : 
[2023-10-27 20:42:18] [ INFO ] [BD:28] datos cargados con exito
[2023-10-27 20:42:18] [ INFO ] [PacienteDAOH2:15] iniciando las operaciones de : 
[2023-10-27 20:43:39] [ INFO ] [BD:28] datos cargados con exito
[2023-10-27 20:43:39] [ INFO ] [PacienteDAOH2:15] guardando paciente
[2023-10-27 20:43:39] [ INFO ] [PacienteDAOH2:32]  paciente guardado
[2023-10-27 21:05:34] [ INFO ] [BD:28] datos cargados con exito
[2023-10-27 21:05:34] [ INFO ] [PacienteDAOH2:15] guardando paciente
[2023-10-27 21:05:34] [ INFO ] [PacienteDAOH2:32]  paciente guardado
[2023-10-27 21:33:10] [ WARN ] [BD:38] Error de Sintaxis en sentencia SQL "CREATE TABLE ODONTOLOGOS (ID INT AUTO_INCREMENT PRIMARY KEY,NUMERO_MATRICULA INT NOT NULL ,NOMBRE VARCHAR(30) NOT NULL, APELLIDO VARCHAR(20) NOT NULL,[*])"; se esperaba "identifier"
Syntax error in SQL statement "CREATE TABLE ODONTOLOGOS (ID INT AUTO_INCREMENT PRIMARY KEY,NUMERO_MATRICULA INT NOT NULL ,NOMBRE VARCHAR(30) NOT NULL, APELLIDO VARCHAR(20) NOT NULL,[*])"; expected "identifier"; SQL statement:
CREATE TABLE ODONTOLOGOS (ID INT AUTO_INCREMENT PRIMARY KEY,NUMERO_MATRICULA INT NOT NULL ,NOMBRE VARCHAR(30) NOT NULL, APELLIDO VARCHAR(20) NOT NULL,) [42001-224]
[2023-10-27 21:33:10] [ INFO ] [PacienteDAOH2:15] guardando paciente
[2023-10-27 21:33:10] [ INFO ] [PacienteDAOH2:32]  paciente guardado
[2023-10-27 21:33:15] [ WARN ] [BD:38] Error de Sintaxis en sentencia SQL "CREATE TABLE ODONTOLOGOS (ID INT AUTO_INCREMENT PRIMARY KEY,NUMERO_MATRICULA INT NOT NULL ,NOMBRE VARCHAR(30) NOT NULL, APELLIDO VARCHAR(20) NOT NULL,[*])"; se esperaba "identifier"
Syntax error in SQL statement "CREATE TABLE ODONTOLOGOS (ID INT AUTO_INCREMENT PRIMARY KEY,NUMERO_MATRICULA INT NOT NULL ,NOMBRE VARCHAR(30) NOT NULL, APELLIDO VARCHAR(20) NOT NULL,[*])"; expected "identifier"; SQL statement:
CREATE TABLE ODONTOLOGOS (ID INT AUTO_INCREMENT PRIMARY KEY,NUMERO_MATRICULA INT NOT NULL ,NOMBRE VARCHAR(30) NOT NULL, APELLIDO VARCHAR(20) NOT NULL,) [42001-224]
[2023-10-27 21:33:15] [ ERROR] [DomicilioDAOH2:33] Tabla "ODONTOLOGOS" no encontrada
Table "ODONTOLOGOS" not found; SQL statement:
INSERT INTO ODONTOLOGOS (NUMERO_MATRICULA, NOMBRE, APELLIDO) VALUES (?,?,?) [42102-224]
[2023-10-27 21:33:15] [ ERROR] [DomicilioDAOH2:73] Tabla "ODONTOLOGOS" no encontrada
Table "ODONTOLOGOS" not found; SQL statement:
SELECT * FROM ODONTOLOGOS [42102-224]
[2023-10-27 21:34:41] [ WARN ] [BD:38] Error de Sintaxis en sentencia SQL "CREATE TABLE ODONTOLOGOS (ID INT AUTO_INCREMENT PRIMARY KEY,NUMERO_MATRICULA INT NOT NULL ,NOMBRE VARCHAR(30) NOT NULL, APELLIDO VARCHAR(20) NOT NULL,[*])"; se esperaba "identifier"
Syntax error in SQL statement "CREATE TABLE ODONTOLOGOS (ID INT AUTO_INCREMENT PRIMARY KEY,NUMERO_MATRICULA INT NOT NULL ,NOMBRE VARCHAR(30) NOT NULL, APELLIDO VARCHAR(20) NOT NULL,[*])"; expected "identifier"; SQL statement:
CREATE TABLE ODONTOLOGOS (ID INT AUTO_INCREMENT PRIMARY KEY,NUMERO_MATRICULA INT NOT NULL ,NOMBRE VARCHAR(30) NOT NULL, APELLIDO VARCHAR(20) NOT NULL,) [42001-224]
[2023-10-27 21:34:41] [ ERROR] [DomicilioDAOH2:33] Tabla "ODONTOLOGOS" no encontrada
Table "ODONTOLOGOS" not found; SQL statement:
INSERT INTO ODONTOLOGOS (NUMERO_MATRICULA, NOMBRE, APELLIDO) VALUES (?,?,?) [42102-224]
[2023-10-27 21:36:01] [ WARN ] [BD:39] Error de Sintaxis en sentencia SQL "CREATE TABLE ODONTOLOGOS (ID INT AUTO_INCREMENT PRIMARY KEY,NUMERO_MATRICULA INT NOT NULL ,NOMBRE VARCHAR(30) NOT NULL, APELLIDO VARCHAR(20) NOT NULL,[*])"; se esperaba "identifier"
Syntax error in SQL statement "CREATE TABLE ODONTOLOGOS (ID INT AUTO_INCREMENT PRIMARY KEY,NUMERO_MATRICULA INT NOT NULL ,NOMBRE VARCHAR(30) NOT NULL, APELLIDO VARCHAR(20) NOT NULL,[*])"; expected "identifier"; SQL statement:
CREATE TABLE ODONTOLOGOS (ID INT AUTO_INCREMENT PRIMARY KEY,NUMERO_MATRICULA INT NOT NULL ,NOMBRE VARCHAR(30) NOT NULL, APELLIDO VARCHAR(20) NOT NULL,) [42001-224]
[2023-10-27 21:36:01] [ ERROR] [DomicilioDAOH2:33] Tabla "ODONTOLOGOS" no encontrada
Table "ODONTOLOGOS" not found; SQL statement:
INSERT INTO ODONTOLOGOS (NUMERO_MATRICULA, NOMBRE, APELLIDO) VALUES (?,?,?) [42102-224]
[2023-11-07 13:21:23] [ WARN ] [BD:39] Error de Sintaxis en sentencia SQL "CREATE TABLE ODONTOLOGOS (ID INT AUTO_INCREMENT PRIMARY KEY,NUMERO_MATRICULA INT NOT NULL ,NOMBRE VARCHAR(30) NOT NULL, APELLIDO VARCHAR(20) NOT NULL,[*])"; se esperaba "identifier"
Syntax error in SQL statement "CREATE TABLE ODONTOLOGOS (ID INT AUTO_INCREMENT PRIMARY KEY,NUMERO_MATRICULA INT NOT NULL ,NOMBRE VARCHAR(30) NOT NULL, APELLIDO VARCHAR(20) NOT NULL,[*])"; expected "identifier"; SQL statement:
CREATE TABLE ODONTOLOGOS (ID INT AUTO_INCREMENT PRIMARY KEY,NUMERO_MATRICULA INT NOT NULL ,NOMBRE VARCHAR(30) NOT NULL, APELLIDO VARCHAR(20) NOT NULL,) [42001-224]
[2023-11-07 13:21:23] [ ERROR] [DomicilioDAOH2:33] Tabla "ODONTOLOGOS" no encontrada
Table "ODONTOLOGOS" not found; SQL statement:
INSERT INTO ODONTOLOGOS (NUMERO_MATRICULA, NOMBRE, APELLIDO) VALUES (?,?,?) [42102-224]
[2023-11-07 13:32:40] [ WARN ] [BD:39] Error de Sintaxis en sentencia SQL "CREATE TABLE ODONTOLOGOS (ID INT AUTO_INCREMENT PRIMARY KEY,NUMERO_MATRICULA INT NOT NULL ,NOMBRE VARCHAR(30) NOT NULL, APELLIDO VARCHAR(20) NOT NULL,[*])"; se esperaba "identifier"
Syntax error in SQL statement "CREATE TABLE ODONTOLOGOS (ID INT AUTO_INCREMENT PRIMARY KEY,NUMERO_MATRICULA INT NOT NULL ,NOMBRE VARCHAR(30) NOT NULL, APELLIDO VARCHAR(20) NOT NULL,[*])"; expected "identifier"; SQL statement:
CREATE TABLE ODONTOLOGOS (ID INT AUTO_INCREMENT PRIMARY KEY,NUMERO_MATRICULA INT NOT NULL ,NOMBRE VARCHAR(30) NOT NULL, APELLIDO VARCHAR(20) NOT NULL,) [42001-224]
[2023-11-07 13:32:40] [ INFO ] [PacienteDAOH2:15] guardando paciente
[2023-11-07 13:32:40] [ INFO ] [PacienteDAOH2:32]  paciente guardado
[2023-11-07 13:32:53] [ WARN ] [BD:39] Error de Sintaxis en sentencia SQL "CREATE TABLE ODONTOLOGOS (ID INT AUTO_INCREMENT PRIMARY KEY,NUMERO_MATRICULA INT NOT NULL ,NOMBRE VARCHAR(30) NOT NULL, APELLIDO VARCHAR(20) NOT NULL,[*])"; se esperaba "identifier"
Syntax error in SQL statement "CREATE TABLE ODONTOLOGOS (ID INT AUTO_INCREMENT PRIMARY KEY,NUMERO_MATRICULA INT NOT NULL ,NOMBRE VARCHAR(30) NOT NULL, APELLIDO VARCHAR(20) NOT NULL,[*])"; expected "identifier"; SQL statement:
CREATE TABLE ODONTOLOGOS (ID INT AUTO_INCREMENT PRIMARY KEY,NUMERO_MATRICULA INT NOT NULL ,NOMBRE VARCHAR(30) NOT NULL, APELLIDO VARCHAR(20) NOT NULL,) [42001-224]
[2023-11-07 13:32:54] [ ERROR] [DomicilioDAOH2:33] Tabla "ODONTOLOGOS" no encontrada
Table "ODONTOLOGOS" not found; SQL statement:
INSERT INTO ODONTOLOGOS (NUMERO_MATRICULA, NOMBRE, APELLIDO) VALUES (?,?,?) [42102-224]
